<?xml version="1.0" encoding="UTF-8"?>
<testsuite xmlns:xsi="http://www.w3.org/2001/XMLSchema-instance" xsi:noNamespaceSchemaLocation="https://maven.apache.org/surefire/maven-failsafe-plugin/xsd/failsafe-test-report-3.0.xsd" version="3.0" name="com.epam.brest.courses.dao.DepartmentDaoJdbcIT" time="1.548" tests="5" errors="0" skipped="0" failures="0">
  <properties>
[...]
</properties>
  <testcase name="shouldCreateDepartment" classname="com.epam.brest.courses.dao.DepartmentDaoJdbcIT" time="0.046"/>
  <testcase name="shouldFindDepartmentById" classname="com.epam.brest.courses.dao.DepartmentDaoJdbcIT" time="0.016"/>
  <testcase name="shouldDeleteDepartment" classname="com.epam.brest.courses.dao.DepartmentDaoJdbcIT" time="0.024"/>
  <testcase name="shouldFindAllDepartments" classname="com.epam.brest.courses.dao.DepartmentDaoJdbcIT" time="0.006"/>
  <testcase name="shouldUpdateDepartment" classname="com.epam.brest.courses.dao.DepartmentDaoJdbcIT" time="0.017"/>
</testsuite>